  Compiling CUDA source file kernel.cu...
  
  C:\Users\DrMur\source\repos\ProjectEuler\Problem11\Problem11\Problem11>"C:\Program Files\NVIDIA GPU Computing Toolkit\CUDA\v8.0\bin\nvcc.exe" -gencode=arch=compute_20,code=\"sm_20,compute_20\" --use-local-env --cl-version 2015 -ccbin "C:\Program Files (x86)\Microsoft Visual Studio 14.0\VC\bin"  -I"C:\Program Files\NVIDIA GPU Computing Toolkit\CUDA\v8.0\include" -I"C:\Program Files\NVIDIA GPU Computing Toolkit\CUDA\v8.0\include"  -G   --keep-dir Debug -maxrregcount=0  --machine 32 --compile -cudart static  -g   -DWIN32 -D_DEBUG -D_CONSOLE -D_MBCS -Xcompiler "/EHsc /W3 /nologo /Od /FS /Zi /RTC1 /MDd " -o Debug\kernel.cu.obj "C:\Users\DrMur\source\repos\ProjectEuler\Problem11\Problem11\Problem11\kernel.cu" 
C:/Users/DrMur/source/repos/ProjectEuler/Problem11/Problem11/Problem11/kernel.cu(36): warning : variable "index" was declared but never referenced
C:/Users/DrMur/source/repos/ProjectEuler/Problem11/Problem11/Problem11/kernel.cu(76): warning : returning pointer to local variable
C:/Users/DrMur/source/repos/ProjectEuler/Problem11/Problem11/Problem11/kernel.cu(90): warning : variable "d_dictionary" was declared but never referenced
C:/Users/DrMur/source/repos/ProjectEuler/Problem11/Problem11/Problem11/kernel.cu(92): warning : variable "encodedStrings" was declared but never referenced
C:/Users/DrMur/source/repos/ProjectEuler/Problem11/Problem11/Problem11/kernel.cu(36): warning : variable "index" was declared but never referenced
C:/Users/DrMur/source/repos/ProjectEuler/Problem11/Problem11/Problem11/kernel.cu(76): warning : returning pointer to local variable
C:/Users/DrMur/source/repos/ProjectEuler/Problem11/Problem11/Problem11/kernel.cu(90): warning : variable "d_dictionary" was declared but never referenced
C:/Users/DrMur/source/repos/ProjectEuler/Problem11/Problem11/Problem11/kernel.cu(92): warning : variable "encodedStrings" was declared but never referenced
CUDACOMPILE : nvcc warning : The 'compute_20', 'sm_20', and 'sm_21' architectures are deprecated, and may be removed in a future release (Use -Wno-deprecated-gpu-targets to suppress warning).
  kernel.cu
C:/Users/DrMur/source/repos/ProjectEuler/Problem11/Problem11/Problem11/kernel.cu(92): warning C4101: 'encodedStrings': unreferenced local variable
C:/Users/DrMur/source/repos/ProjectEuler/Problem11/Problem11/Problem11/kernel.cu(90): warning C4101: 'd_dictionary': unreferenced local variable
c:\users\drmur\source\repos\projecteuler\problem11\problem11\problem11\kernel.cu(76): warning C4172: returning address of local variable or temporary: dict
  Problem11.vcxproj -> C:\Users\DrMur\source\repos\ProjectEuler\Problem11\Problem11\Debug\Problem11.exe
  Problem11.vcxproj -> C:\Users\DrMur\source\repos\ProjectEuler\Problem11\Problem11\Debug\Problem11.pdb (Full PDB)
  copy "C:\Program Files\NVIDIA GPU Computing Toolkit\CUDA\v8.0\bin\cudart*.dll" "C:\Users\DrMur\source\repos\ProjectEuler\Problem11\Problem11\Debug\"
  C:\Program Files\NVIDIA GPU Computing Toolkit\CUDA\v8.0\bin\cudart32_80.dll
  C:\Program Files\NVIDIA GPU Computing Toolkit\CUDA\v8.0\bin\cudart64_80.dll
          2 file(s) copied.
